<?xml version="1.0" encoding="UTF-8"?>
<!-- Generated by org.testng.reporters.JUnitReportReporter -->
<testsuite hostname="Bhaskar-pc" failures="0" tests="3" name="Selenium.TC0013" time="211.913" errors="0" timestamp="2025-08-19T10:59:34 IST" skipped="0">
  <testcase classname="Selenium.TC0013" name="test2" time="154.323"/>
  <testcase classname="Selenium.TC0013" name="test3" time="27.825"/>
  <testcase classname="Selenium.TC0013" name="test1" time="29.765"/>
</testsuite> <!-- Selenium.TC0013 -->
