<?xml version="1.0" encoding="UTF-8"?>
<!-- Generated by org.testng.reporters.JUnitReportReporter -->
<testsuite hostname="Bhaskar-pc" failures="0" tests="1" name="com.capstone.test.EndtoEndTest2" time="6.673" errors="0" timestamp="2025-09-08T14:19:11 IST" skipped="0">
  <testcase classname="com.capstone.test.EndtoEndTest2" name="testLoginSearchAddToCartAndLogout" time="6.673"/>
</testsuite> <!-- com.capstone.test.EndtoEndTest2 -->
