<?xml version="1.0" encoding="UTF-8"?>
<!-- Generated by org.testng.reporters.JUnitReportReporter -->
<testsuite hostname="Bhaskar-pc" failures="0" tests="1" name="com.capstone.test.EndtoEndTest4" time="7.775" errors="0" timestamp="2025-09-08T14:12:42 IST" skipped="0">
  <testcase classname="com.capstone.test.EndtoEndTest4" name="testLoginAddToWishlistAndLogout" time="7.775"/>
</testsuite> <!-- com.capstone.test.EndtoEndTest4 -->
