<?xml version="1.0" encoding="UTF-8"?>
<!-- Generated by org.testng.reporters.JUnitReportReporter -->
<testsuite hostname="Bhaskar-pc" failures="0" tests="1" name="com.capstone.test.EndtoEndTest3" time="22.386" errors="0" timestamp="2025-09-08T14:18:13 IST" skipped="0">
  <testcase classname="com.capstone.test.EndtoEndTest3" name="testAddFeaturedProductToCartAndVerify" time="22.386"/>
</testsuite> <!-- com.capstone.test.EndtoEndTest3 -->
