<?xml version="1.0" encoding="UTF-8"?>
<!-- Generated by org.testng.reporters.JUnitReportReporter -->
<testsuite hostname="Bhaskar-pc" failures="0" tests="1" name="com.capstone.test.EndtoEndTest5" time="20.089" errors="0" timestamp="2025-09-08T14:35:37 IST" skipped="0">
  <testcase classname="com.capstone.test.EndtoEndTest5" name="testCartCheckoutUpToConfirmOrder" time="20.089"/>
</testsuite> <!-- com.capstone.test.EndtoEndTest5 -->
