<?xml version="1.0" encoding="UTF-8"?>
<!-- Generated by org.testng.reporters.JUnitReportReporter -->
<testsuite hostname="Bhaskar-pc" failures="0" tests="1" name="Wipro.Lab11_3" time="4.064" errors="0" timestamp="2025-08-22T17:08:12 IST" skipped="0">
  <testcase classname="Wipro.Lab11_3" name="f" time="4.064"/>
</testsuite> <!-- Wipro.Lab11_3 -->
