<?xml version="1.0" encoding="UTF-8"?>
<!-- Generated by org.testng.reporters.JUnitReportReporter -->
<testsuite hostname="Bhaskar-pc" failures="0" tests="1" name="Wipro.Lab15_parameter" time="10.650" errors="0" timestamp="2025-08-22T11:56:45 IST" skipped="0">
  <testcase classname="Wipro.Lab15_parameter" name="f" time="10.650"/>
</testsuite> <!-- Wipro.Lab15_parameter -->
