<?xml version="1.0" encoding="UTF-8"?>
<!-- Generated by org.testng.reporters.JUnitReportReporter -->
<testsuite hostname="Bhaskar-pc" failures="0" tests="1" name="Seleniumm.Q7_Webdata" time="0.161" errors="0" timestamp="2025-08-28T16:58:11 IST" skipped="0">
  <testcase classname="Seleniumm.Q7_Webdata" name="extractTableData" time="0.161"/>
</testsuite> <!-- Seleniumm.Q7_Webdata -->
