<?xml version="1.0" encoding="UTF-8"?>
<!-- Generated by org.testng.reporters.JUnitReportReporter -->
<testsuite hostname="Bhaskar-pc" failures="0" tests="1" name="Seleniumm.Q6_Checkbox" time="0.112" errors="0" timestamp="2025-08-28T16:57:50 IST" skipped="0">
  <testcase classname="Seleniumm.Q6_Checkbox" name="testSelectCheckboxes" time="0.112"/>
</testsuite> <!-- Seleniumm.Q6_Checkbox -->
