<?xml version="1.0" encoding="UTF-8"?>
<!-- Generated by org.testng.reporters.JUnitReportReporter -->
<testsuite hostname="Bhaskar-pc" failures="0" tests="1" name="Seleniumm.Q3_Amazon" time="10.262" errors="0" timestamp="2025-08-28T16:56:53 IST" skipped="0">
  <testcase classname="Seleniumm.Q3_Amazon" name="searchLaptopOnAmazon" time="10.262"/>
</testsuite> <!-- Seleniumm.Q3_Amazon -->
