<?xml version="1.0" encoding="UTF-8"?>
<!-- Generated by org.testng.reporters.JUnitReportReporter -->
<testsuite hostname="Bhaskar-pc" failures="0" tests="1" name="Seleniumm.Q5_Alert" time="0.107" errors="0" timestamp="2025-08-28T16:57:33 IST" skipped="0">
  <testcase classname="Seleniumm.Q5_Alert" name="handleJsAlert" time="0.107"/>
</testsuite> <!-- Seleniumm.Q5_Alert -->
