<?xml version="1.0" encoding="UTF-8"?>
<!-- Generated by org.testng.reporters.JUnitReportReporter -->
<testsuite hostname="Bhaskar-pc" failures="0" tests="1" name="Seleniumm.Q9_Screenshot" time="3.791" errors="0" timestamp="2025-08-28T17:03:08 IST" skipped="0">
  <testcase classname="Seleniumm.Q9_Screenshot" name="captureScreenshotWithReport" time="3.791"/>
</testsuite> <!-- Seleniumm.Q9_Screenshot -->
