<?xml version="1.0" encoding="UTF-8"?>
<!-- Generated by org.testng.reporters.JUnitReportReporter -->
<testsuite hostname="Bhaskar-pc" failures="0" tests="1" name="Seleniumm.Q2_Automate" time="5.926" errors="0" timestamp="2025-08-28T16:56:23 IST" skipped="0">
  <testcase classname="Seleniumm.Q2_Automate" name="loginTest" time="5.926"/>
</testsuite> <!-- Seleniumm.Q2_Automate -->
