<?xml version="1.0" encoding="UTF-8"?>
<!-- Generated by org.testng.reporters.JUnitReportReporter -->
<testsuite hostname="Bhaskar-pc" failures="0" tests="1" name="Seleniumm.Q8_Handling" time="0.471" errors="0" timestamp="2025-08-28T16:59:48 IST" skipped="0">
  <testcase classname="Seleniumm.Q8_Handling" name="testMultipleWindows" time="0.471"/>
</testsuite> <!-- Seleniumm.Q8_Handling -->
