<?xml version="1.0" encoding="UTF-8"?>
<!-- Generated by org.testng.reporters.JUnitReportReporter -->
<testsuite hostname="Bhaskar-pc" failures="0" tests="1" name="Seleniumm.Q1_Google" time="1.596" errors="0" timestamp="2025-08-28T16:39:41 IST" skipped="0">
  <testcase classname="Seleniumm.Q1_Google" name="openGoogleAndPrintTitle" time="1.596"/>
</testsuite> <!-- Seleniumm.Q1_Google -->
